<?xml version="1.0" encoding="UTF-8"?>
<testsuite xmlns:xsi="http://www.w3.org/2001/XMLSchema-instance" xsi:noNamespaceSchemaLocation="https://maven.apache.org/surefire/maven-surefire-plugin/xsd/surefire-test-report-3.0.xsd" version="3.0" name="lt.techin.CalcTest" time="46.334" tests="10" errors="0" skipped="0" failures="0">
  <properties>
    <property name="java.specification.version" value="17"/>
    <property name="sun.cpu.isalist" value="amd64"/>
    <property name="sun.jnu.encoding" value="Cp1252"/>
    <property name="java.class.path" value="C:\Users\agnes\Desktop\Egzamino_pasiruosimo_uzduotis_kalkuliatorius\target\test-classes;C:\Users\agnes\Desktop\Egzamino_pasiruosimo_uzduotis_kalkuliatorius\target\classes;C:\Users\agnes\.m2\repository\org\junit\jupiter\junit-jupiter\5.13.0\junit-jupiter-5.13.0.jar;C:\Users\agnes\.m2\repository\org\junit\jupiter\junit-jupiter-api\5.13.0\junit-jupiter-api-5.13.0.jar;C:\Users\agnes\.m2\repository\org\opentest4j\opentest4j\1.3.0\opentest4j-1.3.0.jar;C:\Users\agnes\.m2\repository\org\junit\platform\junit-platform-commons\1.13.0\junit-platform-commons-1.13.0.jar;C:\Users\agnes\.m2\repository\org\apiguardian\apiguardian-api\1.1.2\apiguardian-api-1.1.2.jar;C:\Users\agnes\.m2\repository\org\junit\jupiter\junit-jupiter-params\5.13.0\junit-jupiter-params-5.13.0.jar;C:\Users\agnes\.m2\repository\org\junit\jupiter\junit-jupiter-engine\5.13.0\junit-jupiter-engine-5.13.0.jar;C:\Users\agnes\.m2\repository\org\junit\platform\junit-platform-engine\1.13.0\junit-platform-engine-1.13.0.jar;C:\Users\agnes\.m2\repository\org\seleniumhq\selenium\selenium-java\4.33.0\selenium-java-4.33.0.jar;C:\Users\agnes\.m2\repository\org\seleniumhq\selenium\selenium-api\4.33.0\selenium-api-4.33.0.jar;C:\Users\agnes\.m2\repository\org\jspecify\jspecify\1.0.0\jspecify-1.0.0.jar;C:\Users\agnes\.m2\repository\org\seleniumhq\selenium\selenium-chrome-driver\4.33.0\selenium-chrome-driver-4.33.0.jar;C:\Users\agnes\.m2\repository\com\google\auto\service\auto-service-annotations\1.1.1\auto-service-annotations-1.1.1.jar;C:\Users\agnes\.m2\repository\org\seleniumhq\selenium\selenium-chromium-driver\4.33.0\selenium-chromium-driver-4.33.0.jar;C:\Users\agnes\.m2\repository\org\seleniumhq\selenium\selenium-json\4.33.0\selenium-json-4.33.0.jar;C:\Users\agnes\.m2\repository\org\seleniumhq\selenium\selenium-manager\4.33.0\selenium-manager-4.33.0.jar;C:\Users\agnes\.m2\repository\org\seleniumhq\selenium\selenium-devtools-v135\4.33.0\selenium-devtools-v135-4.33.0.jar;C:\Users\agnes\.m2\repository\org\seleniumhq\selenium\selenium-devtools-v136\4.33.0\selenium-devtools-v136-4.33.0.jar;C:\Users\agnes\.m2\repository\org\seleniumhq\selenium\selenium-devtools-v137\4.33.0\selenium-devtools-v137-4.33.0.jar;C:\Users\agnes\.m2\repository\org\seleniumhq\selenium\selenium-edge-driver\4.33.0\selenium-edge-driver-4.33.0.jar;C:\Users\agnes\.m2\repository\org\seleniumhq\selenium\selenium-firefox-driver\4.33.0\selenium-firefox-driver-4.33.0.jar;C:\Users\agnes\.m2\repository\org\seleniumhq\selenium\selenium-http\4.33.0\selenium-http-4.33.0.jar;C:\Users\agnes\.m2\repository\org\seleniumhq\selenium\selenium-ie-driver\4.33.0\selenium-ie-driver-4.33.0.jar;C:\Users\agnes\.m2\repository\org\seleniumhq\selenium\selenium-remote-driver\4.33.0\selenium-remote-driver-4.33.0.jar;C:\Users\agnes\.m2\repository\com\google\guava\guava\33.4.8-jre\guava-33.4.8-jre.jar;C:\Users\agnes\.m2\repository\com\google\guava\failureaccess\1.0.3\failureaccess-1.0.3.jar;C:\Users\agnes\.m2\repository\com\google\guava\listenablefuture\9999.0-empty-to-avoid-conflict-with-guava\listenablefuture-9999.0-empty-to-avoid-conflict-with-guava.jar;C:\Users\agnes\.m2\repository\com\google\j2objc\j2objc-annotations\3.0.0\j2objc-annotations-3.0.0.jar;C:\Users\agnes\.m2\repository\io\opentelemetry\opentelemetry-api\1.50.0\opentelemetry-api-1.50.0.jar;C:\Users\agnes\.m2\repository\io\opentelemetry\opentelemetry-context\1.50.0\opentelemetry-context-1.50.0.jar;C:\Users\agnes\.m2\repository\io\opentelemetry\opentelemetry-exporter-logging\1.50.0\opentelemetry-exporter-logging-1.50.0.jar;C:\Users\agnes\.m2\repository\io\opentelemetry\opentelemetry-sdk-common\1.50.0\opentelemetry-sdk-common-1.50.0.jar;C:\Users\agnes\.m2\repository\io\opentelemetry\opentelemetry-sdk-extension-autoconfigure-spi\1.50.0\opentelemetry-sdk-extension-autoconfigure-spi-1.50.0.jar;C:\Users\agnes\.m2\repository\io\opentelemetry\opentelemetry-sdk-extension-autoconfigure\1.50.0\opentelemetry-sdk-extension-autoconfigure-1.50.0.jar;C:\Users\agnes\.m2\repository\io\opentelemetry\opentelemetry-sdk-trace\1.50.0\opentelemetry-sdk-trace-1.50.0.jar;C:\Users\agnes\.m2\repository\io\opentelemetry\opentelemetry-sdk\1.50.0\opentelemetry-sdk-1.50.0.jar;C:\Users\agnes\.m2\repository\io\opentelemetry\opentelemetry-sdk-metrics\1.50.0\opentelemetry-sdk-metrics-1.50.0.jar;C:\Users\agnes\.m2\repository\io\opentelemetry\opentelemetry-sdk-logs\1.50.0\opentelemetry-sdk-logs-1.50.0.jar;C:\Users\agnes\.m2\repository\net\bytebuddy\byte-buddy\1.17.5\byte-buddy-1.17.5.jar;C:\Users\agnes\.m2\repository\org\seleniumhq\selenium\selenium-os\4.33.0\selenium-os-4.33.0.jar;C:\Users\agnes\.m2\repository\org\apache\commons\commons-exec\1.4.0\commons-exec-1.4.0.jar;C:\Users\agnes\.m2\repository\org\seleniumhq\selenium\selenium-safari-driver\4.33.0\selenium-safari-driver-4.33.0.jar;C:\Users\agnes\.m2\repository\org\seleniumhq\selenium\selenium-support\4.33.0\selenium-support-4.33.0.jar;C:\Users\agnes\.m2\repository\io\github\bonigarcia\webdrivermanager\5.9.3\webdrivermanager-5.9.3.jar;C:\Users\agnes\.m2\repository\org\slf4j\slf4j-api\2.0.16\slf4j-api-2.0.16.jar;C:\Users\agnes\.m2\repository\com\google\code\gson\gson\2.12.1\gson-2.12.1.jar;C:\Users\agnes\.m2\repository\com\google\errorprone\error_prone_annotations\2.36.0\error_prone_annotations-2.36.0.jar;C:\Users\agnes\.m2\repository\com\github\docker-java\docker-java\3.4.1\docker-java-3.4.1.jar;C:\Users\agnes\.m2\repository\com\github\docker-java\docker-java-core\3.4.1\docker-java-core-3.4.1.jar;C:\Users\agnes\.m2\repository\com\github\docker-java\docker-java-api\3.4.1\docker-java-api-3.4.1.jar;C:\Users\agnes\.m2\repository\com\fasterxml\jackson\core\jackson-annotations\2.10.3\jackson-annotations-2.10.3.jar;C:\Users\agnes\.m2\repository\com\fasterxml\jackson\core\jackson-databind\2.10.3\jackson-databind-2.10.3.jar;C:\Users\agnes\.m2\repository\com\fasterxml\jackson\core\jackson-core\2.10.3\jackson-core-2.10.3.jar;C:\Users\agnes\.m2\repository\org\slf4j\jcl-over-slf4j\1.7.30\jcl-over-slf4j-1.7.30.jar;C:\Users\agnes\.m2\repository\com\github\docker-java\docker-java-transport-httpclient5\3.4.1\docker-java-transport-httpclient5-3.4.1.jar;C:\Users\agnes\.m2\repository\com\github\docker-java\docker-java-transport\3.4.1\docker-java-transport-3.4.1.jar;C:\Users\agnes\.m2\repository\net\java\dev\jna\jna\5.13.0\jna-5.13.0.jar;C:\Users\agnes\.m2\repository\org\brotli\dec\0.1.2\dec-0.1.2.jar;C:\Users\agnes\.m2\repository\org\apache\commons\commons-lang3\3.17.0\commons-lang3-3.17.0.jar;C:\Users\agnes\.m2\repository\org\apache\commons\commons-compress\1.27.1\commons-compress-1.27.1.jar;C:\Users\agnes\.m2\repository\commons-codec\commons-codec\1.17.1\commons-codec-1.17.1.jar;C:\Users\agnes\.m2\repository\commons-io\commons-io\2.16.1\commons-io-2.16.1.jar;C:\Users\agnes\.m2\repository\org\apache\httpcomponents\client5\httpclient5\5.2.1\httpclient5-5.2.1.jar;C:\Users\agnes\.m2\repository\org\apache\httpcomponents\core5\httpcore5\5.2\httpcore5-5.2.jar;C:\Users\agnes\.m2\repository\org\apache\httpcomponents\core5\httpcore5-h2\5.2\httpcore5-h2-5.2.jar;"/>
    <property name="java.vm.vendor" value="Eclipse Adoptium"/>
    <property name="sun.arch.data.model" value="64"/>
    <property name="user.variant" value=""/>
    <property name="java.vendor.url" value="https://adoptium.net/"/>
    <property name="user.timezone" value="Europe/Kiev"/>
    <property name="os.name" value="Windows 11"/>
    <property name="java.vm.specification.version" value="17"/>
    <property name="sun.java.launcher" value="SUN_STANDARD"/>
    <property name="user.country" value="GB"/>
    <property name="sun.boot.library.path" value="C:\Program Files\Eclipse Adoptium\jdk-17.0.14.7-hotspot\bin"/>
    <property name="sun.java.command" value="C:\Users\agnes\AppData\Local\Temp\surefire2413385460977560965\surefirebooter-20250619220005351_3.jar C:\Users\agnes\AppData\Local\Temp\surefire2413385460977560965 2025-06-19T22-00-03_889-jvmRun1 surefire-20250619220005351_1tmp surefire_0-20250619220005351_2tmp"/>
    <property name="jdk.debug" value="release"/>
    <property name="surefire.test.class.path" value="C:\Users\agnes\Desktop\Egzamino_pasiruosimo_uzduotis_kalkuliatorius\target\test-classes;C:\Users\agnes\Desktop\Egzamino_pasiruosimo_uzduotis_kalkuliatorius\target\classes;C:\Users\agnes\.m2\repository\org\junit\jupiter\junit-jupiter\5.13.0\junit-jupiter-5.13.0.jar;C:\Users\agnes\.m2\repository\org\junit\jupiter\junit-jupiter-api\5.13.0\junit-jupiter-api-5.13.0.jar;C:\Users\agnes\.m2\repository\org\opentest4j\opentest4j\1.3.0\opentest4j-1.3.0.jar;C:\Users\agnes\.m2\repository\org\junit\platform\junit-platform-commons\1.13.0\junit-platform-commons-1.13.0.jar;C:\Users\agnes\.m2\repository\org\apiguardian\apiguardian-api\1.1.2\apiguardian-api-1.1.2.jar;C:\Users\agnes\.m2\repository\org\junit\jupiter\junit-jupiter-params\5.13.0\junit-jupiter-params-5.13.0.jar;C:\Users\agnes\.m2\repository\org\junit\jupiter\junit-jupiter-engine\5.13.0\junit-jupiter-engine-5.13.0.jar;C:\Users\agnes\.m2\repository\org\junit\platform\junit-platform-engine\1.13.0\junit-platform-engine-1.13.0.jar;C:\Users\agnes\.m2\repository\org\seleniumhq\selenium\selenium-java\4.33.0\selenium-java-4.33.0.jar;C:\Users\agnes\.m2\repository\org\seleniumhq\selenium\selenium-api\4.33.0\selenium-api-4.33.0.jar;C:\Users\agnes\.m2\repository\org\jspecify\jspecify\1.0.0\jspecify-1.0.0.jar;C:\Users\agnes\.m2\repository\org\seleniumhq\selenium\selenium-chrome-driver\4.33.0\selenium-chrome-driver-4.33.0.jar;C:\Users\agnes\.m2\repository\com\google\auto\service\auto-service-annotations\1.1.1\auto-service-annotations-1.1.1.jar;C:\Users\agnes\.m2\repository\org\seleniumhq\selenium\selenium-chromium-driver\4.33.0\selenium-chromium-driver-4.33.0.jar;C:\Users\agnes\.m2\repository\org\seleniumhq\selenium\selenium-json\4.33.0\selenium-json-4.33.0.jar;C:\Users\agnes\.m2\repository\org\seleniumhq\selenium\selenium-manager\4.33.0\selenium-manager-4.33.0.jar;C:\Users\agnes\.m2\repository\org\seleniumhq\selenium\selenium-devtools-v135\4.33.0\selenium-devtools-v135-4.33.0.jar;C:\Users\agnes\.m2\repository\org\seleniumhq\selenium\selenium-devtools-v136\4.33.0\selenium-devtools-v136-4.33.0.jar;C:\Users\agnes\.m2\repository\org\seleniumhq\selenium\selenium-devtools-v137\4.33.0\selenium-devtools-v137-4.33.0.jar;C:\Users\agnes\.m2\repository\org\seleniumhq\selenium\selenium-edge-driver\4.33.0\selenium-edge-driver-4.33.0.jar;C:\Users\agnes\.m2\repository\org\seleniumhq\selenium\selenium-firefox-driver\4.33.0\selenium-firefox-driver-4.33.0.jar;C:\Users\agnes\.m2\repository\org\seleniumhq\selenium\selenium-http\4.33.0\selenium-http-4.33.0.jar;C:\Users\agnes\.m2\repository\org\seleniumhq\selenium\selenium-ie-driver\4.33.0\selenium-ie-driver-4.33.0.jar;C:\Users\agnes\.m2\repository\org\seleniumhq\selenium\selenium-remote-driver\4.33.0\selenium-remote-driver-4.33.0.jar;C:\Users\agnes\.m2\repository\com\google\guava\guava\33.4.8-jre\guava-33.4.8-jre.jar;C:\Users\agnes\.m2\repository\com\google\guava\failureaccess\1.0.3\failureaccess-1.0.3.jar;C:\Users\agnes\.m2\repository\com\google\guava\listenablefuture\9999.0-empty-to-avoid-conflict-with-guava\listenablefuture-9999.0-empty-to-avoid-conflict-with-guava.jar;C:\Users\agnes\.m2\repository\com\google\j2objc\j2objc-annotations\3.0.0\j2objc-annotations-3.0.0.jar;C:\Users\agnes\.m2\repository\io\opentelemetry\opentelemetry-api\1.50.0\opentelemetry-api-1.50.0.jar;C:\Users\agnes\.m2\repository\io\opentelemetry\opentelemetry-context\1.50.0\opentelemetry-context-1.50.0.jar;C:\Users\agnes\.m2\repository\io\opentelemetry\opentelemetry-exporter-logging\1.50.0\opentelemetry-exporter-logging-1.50.0.jar;C:\Users\agnes\.m2\repository\io\opentelemetry\opentelemetry-sdk-common\1.50.0\opentelemetry-sdk-common-1.50.0.jar;C:\Users\agnes\.m2\repository\io\opentelemetry\opentelemetry-sdk-extension-autoconfigure-spi\1.50.0\opentelemetry-sdk-extension-autoconfigure-spi-1.50.0.jar;C:\Users\agnes\.m2\repository\io\opentelemetry\opentelemetry-sdk-extension-autoconfigure\1.50.0\opentelemetry-sdk-extension-autoconfigure-1.50.0.jar;C:\Users\agnes\.m2\repository\io\opentelemetry\opentelemetry-sdk-trace\1.50.0\opentelemetry-sdk-trace-1.50.0.jar;C:\Users\agnes\.m2\repository\io\opentelemetry\opentelemetry-sdk\1.50.0\opentelemetry-sdk-1.50.0.jar;C:\Users\agnes\.m2\repository\io\opentelemetry\opentelemetry-sdk-metrics\1.50.0\opentelemetry-sdk-metrics-1.50.0.jar;C:\Users\agnes\.m2\repository\io\opentelemetry\opentelemetry-sdk-logs\1.50.0\opentelemetry-sdk-logs-1.50.0.jar;C:\Users\agnes\.m2\repository\net\bytebuddy\byte-buddy\1.17.5\byte-buddy-1.17.5.jar;C:\Users\agnes\.m2\repository\org\seleniumhq\selenium\selenium-os\4.33.0\selenium-os-4.33.0.jar;C:\Users\agnes\.m2\repository\org\apache\commons\commons-exec\1.4.0\commons-exec-1.4.0.jar;C:\Users\agnes\.m2\repository\org\seleniumhq\selenium\selenium-safari-driver\4.33.0\selenium-safari-driver-4.33.0.jar;C:\Users\agnes\.m2\repository\org\seleniumhq\selenium\selenium-support\4.33.0\selenium-support-4.33.0.jar;C:\Users\agnes\.m2\repository\io\github\bonigarcia\webdrivermanager\5.9.3\webdrivermanager-5.9.3.jar;C:\Users\agnes\.m2\repository\org\slf4j\slf4j-api\2.0.16\slf4j-api-2.0.16.jar;C:\Users\agnes\.m2\repository\com\google\code\gson\gson\2.12.1\gson-2.12.1.jar;C:\Users\agnes\.m2\repository\com\google\errorprone\error_prone_annotations\2.36.0\error_prone_annotations-2.36.0.jar;C:\Users\agnes\.m2\repository\com\github\docker-java\docker-java\3.4.1\docker-java-3.4.1.jar;C:\Users\agnes\.m2\repository\com\github\docker-java\docker-java-core\3.4.1\docker-java-core-3.4.1.jar;C:\Users\agnes\.m2\repository\com\github\docker-java\docker-java-api\3.4.1\docker-java-api-3.4.1.jar;C:\Users\agnes\.m2\repository\com\fasterxml\jackson\core\jackson-annotations\2.10.3\jackson-annotations-2.10.3.jar;C:\Users\agnes\.m2\repository\com\fasterxml\jackson\core\jackson-databind\2.10.3\jackson-databind-2.10.3.jar;C:\Users\agnes\.m2\repository\com\fasterxml\jackson\core\jackson-core\2.10.3\jackson-core-2.10.3.jar;C:\Users\agnes\.m2\repository\org\slf4j\jcl-over-slf4j\1.7.30\jcl-over-slf4j-1.7.30.jar;C:\Users\agnes\.m2\repository\com\github\docker-java\docker-java-transport-httpclient5\3.4.1\docker-java-transport-httpclient5-3.4.1.jar;C:\Users\agnes\.m2\repository\com\github\docker-java\docker-java-transport\3.4.1\docker-java-transport-3.4.1.jar;C:\Users\agnes\.m2\repository\net\java\dev\jna\jna\5.13.0\jna-5.13.0.jar;C:\Users\agnes\.m2\repository\org\brotli\dec\0.1.2\dec-0.1.2.jar;C:\Users\agnes\.m2\repository\org\apache\commons\commons-lang3\3.17.0\commons-lang3-3.17.0.jar;C:\Users\agnes\.m2\repository\org\apache\commons\commons-compress\1.27.1\commons-compress-1.27.1.jar;C:\Users\agnes\.m2\repository\commons-codec\commons-codec\1.17.1\commons-codec-1.17.1.jar;C:\Users\agnes\.m2\repository\commons-io\commons-io\2.16.1\commons-io-2.16.1.jar;C:\Users\agnes\.m2\repository\org\apache\httpcomponents\client5\httpclient5\5.2.1\httpclient5-5.2.1.jar;C:\Users\agnes\.m2\repository\org\apache\httpcomponents\core5\httpcore5\5.2\httpcore5-5.2.jar;C:\Users\agnes\.m2\repository\org\apache\httpcomponents\core5\httpcore5-h2\5.2\httpcore5-h2-5.2.jar;"/>
    <property name="sun.cpu.endian" value="little"/>
    <property name="user.home" value="C:\Users\agnes"/>
    <property name="user.language" value="en"/>
    <property name="java.specification.vendor" value="Oracle Corporation"/>
    <property name="java.version.date" value="2025-01-21"/>
    <property name="java.home" value="C:\Program Files\Eclipse Adoptium\jdk-17.0.14.7-hotspot"/>
    <property name="file.separator" value="\"/>
    <property name="basedir" value="C:\Users\agnes\Desktop\Egzamino_pasiruosimo_uzduotis_kalkuliatorius"/>
    <property name="java.vm.compressedOopsMode" value="32-bit"/>
    <property name="line.separator" value="&#10;"/>
    <property name="java.vm.specification.vendor" value="Oracle Corporation"/>
    <property name="java.specification.name" value="Java Platform API Specification"/>
    <property name="surefire.real.class.path" value="C:\Users\agnes\AppData\Local\Temp\surefire2413385460977560965\surefirebooter-20250619220005351_3.jar"/>
    <property name="user.script" value=""/>
    <property name="sun.management.compiler" value="HotSpot 64-Bit Tiered Compilers"/>
    <property name="java.runtime.version" value="17.0.14+7"/>
    <property name="user.name" value="agnes"/>
    <property name="path.separator" value=";"/>
    <property name="os.version" value="10.0"/>
    <property name="java.runtime.name" value="OpenJDK Runtime Environment"/>
    <property name="file.encoding" value="Cp1252"/>
    <property name="java.vm.name" value="OpenJDK 64-Bit Server VM"/>
    <property name="java.vendor.version" value="Temurin-17.0.14+7"/>
    <property name="localRepository" value="C:\Users\agnes\.m2\repository"/>
    <property name="java.vendor.url.bug" value="https://github.com/adoptium/adoptium-support/issues"/>
    <property name="java.io.tmpdir" value="C:\Users\agnes\AppData\Local\Temp\"/>
    <property name="java.version" value="17.0.14"/>
    <property name="user.dir" value="C:\Users\agnes\Desktop\Egzamino_pasiruosimo_uzduotis_kalkuliatorius"/>
    <property name="os.arch" value="amd64"/>
    <property name="groups" value="Positive"/>
    <property name="java.vm.specification.name" value="Java Virtual Machine Specification"/>
    <property name="sun.os.patch.level" value=""/>
    <property name="native.encoding" value="Cp1252"/>
    <property name="java.library.path" value="C:\Program Files\Eclipse Adoptium\jdk-17.0.14.7-hotspot\bin;C:\WINDOWS\Sun\Java\bin;C:\WINDOWS\system32;C:\WINDOWS;C:\Users\agnes\bin;C:\Program Files\Git\mingw64\bin;C:\Program Files\Git\usr\local\bin;C:\Program Files\Git\usr\bin;C:\Program Files\Git\usr\bin;C:\Program Files\Git\mingw64\bin;C:\Program Files\Git\usr\bin;C:\Users\agnes\bin;C:\Program Files\Eclipse Adoptium\jdk-17.0.14.7-hotspot\bin;C:\Program Files\Common Files\Oracle\Java\javapath;C:\windows\system32;C:\windows;C:\windows\System32\Wbem;C:\windows\System32\WindowsPowerShell\v1.0;C:\windows\System32\OpenSSH;C:\Program Files (x86)\NVIDIA Corporation\PhysX\Common;C:\Program Files\NVIDIA Corporation\NVIDIA NvDLISR;C:\WINDOWS\system32;C:\WINDOWS;C:\WINDOWS\System32\Wbem;C:\WINDOWS\System32\WindowsPowerShell\v1.0;C:\WINDOWS\System32\OpenSSH;C:\Program Files\PuTTY;C:\Program Files\Docker\Docker\resources\bin;C:\Program Files\nodejs;C:\Program Files\Git\cmd;C:\Program Files\Eclipse Adoptium\jdk-17.0.14.7-hotspot\bin;C:\Program Files\apache-maven-3.9.9\bin;C:\Program Files\k6;C:\ProgramData\chocolatey\bin;C:\Users\agnes\AppData\Local\Microsoft\WindowsApps;C:\Users\agnes\AppData\Local\Programs\Microsoft VS Code\bin;C:\Users\agnes\AppData\Roaming\npm;C:\Program Files\Git\usr\bin\vendor_perl;C:\Program Files\Git\usr\bin\core_perl;."/>
    <property name="java.vm.info" value="mixed mode, sharing"/>
    <property name="java.vendor" value="Eclipse Adoptium"/>
    <property name="java.vm.version" value="17.0.14+7"/>
    <property name="java.specification.maintenance.version" value="1"/>
    <property name="sun.io.unicode.encoding" value="UnicodeLittle"/>
    <property name="java.class.version" value="61.0"/>
  </properties>
  <testcase name="testSimpleMultiplication" classname="lt.techin.CalcTest" time="6.548">
    <system-out><![CDATA[=== PRADEDAME TESTĄ ===
Einame į: https://testpages.herokuapp.com/styled/calculator
✓ WebDriver sėkmingai nustatytas
CalcPage objektas sukurtas
✓ Kalkuliatorius pasiruošęs
CalcPage pasiruošęs testui

=== TESTAS: Paprastas dauginimas ===
Atliekamas skaičiavimas: 6 times 7
Įvedu pirmą skaičių: 6
Renkuosi operaciją: times
Įvedu antrą skaičių: 7
Spaudžiu Calculate mygtuką
Gautas rezultatas: 42
✓ Dauginimo testas sėkmingas!
=== BAIGIAME TESTĄ ===
✓ WebDriver uždarytas
]]></system-out>
  </testcase>
  <testcase name="testSimpleAddition" classname="lt.techin.CalcTest" time="14.615">
    <system-out><![CDATA[=== PRADEDAME TESTĄ ===
Einame į: https://testpages.herokuapp.com/styled/calculator
✓ WebDriver sėkmingai nustatytas
CalcPage objektas sukurtas
✓ Kalkuliatorius pasiruošęs
CalcPage pasiruošęs testui

=== TESTAS: Paprastas sudėjimas ===
Atliekamas skaičiavimas: 5 plus 3
Įvedu pirmą skaičių: 5
Renkuosi operaciją: plus
Įvedu antrą skaičių: 3
Spaudžiu Calculate mygtuką
Gautas rezultatas: 8
✓ Sudėjimo testas sėkmingas!
=== BAIGIAME TESTĄ ===
✓ WebDriver uždarytas
]]></system-out>
  </testcase>
  <testcase name="testSimpleSubtraction" classname="lt.techin.CalcTest" time="4.535">
    <system-out><![CDATA[=== PRADEDAME TESTĄ ===
Einame į: https://testpages.herokuapp.com/styled/calculator
✓ WebDriver sėkmingai nustatytas
CalcPage objektas sukurtas
✓ Kalkuliatorius pasiruošęs
CalcPage pasiruošęs testui

=== TESTAS: Paprastas atimimas ===
Atliekamas skaičiavimas: 10 minus 4
Įvedu pirmą skaičių: 10
Renkuosi operaciją: minus
Įvedu antrą skaičių: 4
Spaudžiu Calculate mygtuką
Gautas rezultatas: 6
✓ Atimimo testas sėkmingas!
=== BAIGIAME TESTĄ ===
✓ WebDriver uždarytas
]]></system-out>
  </testcase>
  <testcase name="testSimpleDivision" classname="lt.techin.CalcTest" time="3.062">
    <system-out><![CDATA[=== PRADEDAME TESTĄ ===
Einame į: https://testpages.herokuapp.com/styled/calculator
✓ WebDriver sėkmingai nustatytas
CalcPage objektas sukurtas
✓ Kalkuliatorius pasiruošęs
CalcPage pasiruošęs testui

=== TESTAS: Paprastas dalijimas ===
Atliekamas skaičiavimas: 15 divide 3
Įvedu pirmą skaičių: 15
Renkuosi operaciją: divide
Įvedu antrą skaičių: 3
Spaudžiu Calculate mygtuką
Gautas rezultatas: 5
✓ Dalijimo testas sėkmingas!
=== BAIGIAME TESTĄ ===
✓ WebDriver uždarytas
]]></system-out>
  </testcase>
  <testcase name="testLargeNumbers" classname="lt.techin.CalcTest" time="2.892">
    <system-out><![CDATA[=== PRADEDAME TESTĄ ===
Einame į: https://testpages.herokuapp.com/styled/calculator
✓ WebDriver sėkmingai nustatytas
CalcPage objektas sukurtas
✓ Kalkuliatorius pasiruošęs
CalcPage pasiruošęs testui

=== TESTAS: Dideli skaičiai ===
Atliekamas skaičiavimas: 1000 times 2000
Įvedu pirmą skaičių: 1000
Renkuosi operaciją: times
Įvedu antrą skaičių: 2000
Spaudžiu Calculate mygtuką
Gautas rezultatas: 2000000
✓ Didelių skaičių testas sėkmingas!
=== BAIGIAME TESTĄ ===
✓ WebDriver uždarytas
]]></system-out>
  </testcase>
  <testcase name="testMultipleCalculations" classname="lt.techin.CalcTest" time="3.507">
    <system-out><![CDATA[=== PRADEDAME TESTĄ ===
Einame į: https://testpages.herokuapp.com/styled/calculator
✓ WebDriver sėkmingai nustatytas
CalcPage objektas sukurtas
✓ Kalkuliatorius pasiruošęs
CalcPage pasiruošęs testui

=== TESTAS: Keli skaičiavimai ===
Atliekamas skaičiavimas: 2 plus 3
Įvedu pirmą skaičių: 2
Renkuosi operaciją: plus
Įvedu antrą skaičių: 3
Spaudžiu Calculate mygtuką
Gautas rezultatas: 5
Išvalu visus laukus
Atliekamas skaičiavimas: 10 divide 2
Įvedu pirmą skaičių: 10
Renkuosi operaciją: divide
Įvedu antrą skaičių: 2
Spaudžiu Calculate mygtuką
Gautas rezultatas: 5
✓ Kelių skaičiavimų testas sėkmingas!
=== BAIGIAME TESTĄ ===
✓ WebDriver uždarytas
]]></system-out>
  </testcase>
  <testcase name="testStepByStep" classname="lt.techin.CalcTest" time="2.994">
    <system-out><![CDATA[=== PRADEDAME TESTĄ ===
Einame į: https://testpages.herokuapp.com/styled/calculator
✓ WebDriver sėkmingai nustatytas
CalcPage objektas sukurtas
✓ Kalkuliatorius pasiruošęs
CalcPage pasiruošęs testui

=== TESTAS: Po žingsnį ===
Įvedu pirmą skaičių: 8
Renkuosi operaciją: minus
Įvedu antrą skaičių: 3
Spaudžiu Calculate mygtuką
Gautas rezultatas: 5
✓ Žingsnis po žingsnio testas sėkmingas!
=== BAIGIAME TESTĄ ===
✓ WebDriver uždarytas
]]></system-out>
  </testcase>
  <testcase name="testPageTitle" classname="lt.techin.CalcTest" time="2.512">
    <system-out><![CDATA[=== PRADEDAME TESTĄ ===
Einame į: https://testpages.herokuapp.com/styled/calculator
✓ WebDriver sėkmingai nustatytas
CalcPage objektas sukurtas
✓ Kalkuliatorius pasiruošęs
CalcPage pasiruošęs testui

=== TESTAS: Puslapio pavadinimas ===
Puslapio pavadinimas: Selenium Simplified Calculator
✓ Puslapio pavadinimo testas baigtas!
=== BAIGIAME TESTĄ ===
✓ WebDriver uždarytas
]]></system-out>
  </testcase>
  <testcase name="testAdditionWithZero" classname="lt.techin.CalcTest" time="2.87">
    <system-out><![CDATA[=== PRADEDAME TESTĄ ===
Einame į: https://testpages.herokuapp.com/styled/calculator
✓ WebDriver sėkmingai nustatytas
CalcPage objektas sukurtas
✓ Kalkuliatorius pasiruošęs
CalcPage pasiruošęs testui

=== TESTAS: Sudėjimas su nuliu ===
Atliekamas skaičiavimas: 0 plus 5
Įvedu pirmą skaičių: 0
Renkuosi operaciją: plus
Įvedu antrą skaičių: 5
Spaudžiu Calculate mygtuką
Gautas rezultatas: 5
✓ Sudėjimo su nuliu testas sėkmingas!
=== BAIGIAME TESTĄ ===
✓ WebDriver uždarytas
]]></system-out>
  </testcase>
  <testcase name="testNegativeNumbers" classname="lt.techin.CalcTest" time="2.775">
    <system-out><![CDATA[=== PRADEDAME TESTĄ ===
Einame į: https://testpages.herokuapp.com/styled/calculator
✓ WebDriver sėkmingai nustatytas
CalcPage objektas sukurtas
✓ Kalkuliatorius pasiruošęs
CalcPage pasiruošęs testui

=== TESTAS: Neigiami skaičiai ===
Atliekamas skaičiavimas: -3 plus 2
Įvedu pirmą skaičių: -3
Renkuosi operaciją: plus
Įvedu antrą skaičių: 2
Spaudžiu Calculate mygtuką
Gautas rezultatas: -1
✓ Neigiamų skaičių testas sėkmingas!
=== BAIGIAME TESTĄ ===
✓ WebDriver uždarytas
]]></system-out>
  </testcase>
</testsuite>